Args in experiment:
Namespace(random_seed=2021, is_training=1, model_id='336_28', model='PatchTST', data='custom', root_path='./dataset/', data_path='AMZN_data.csv', features='M', target='OT', freq='h', checkpoints='./checkpoints/', seq_len=336, label_len=48, pred_len=28, fc_dropout=0.2, head_dropout=0.0, patch_len=16, stride=8, padding_patch='end', revin=1, affine=0, subtract_last=0, decomposition=0, kernel_size=25, individual=0, embed_type=0, enc_in=21, dec_in=7, c_out=7, d_model=128, n_heads=16, e_layers=3, d_layers=1, d_ff=256, moving_avg=25, factor=1, distil=True, dropout=0.2, embed='timeF', activation='gelu', output_attention=False, do_predict=False, num_workers=10, itr=1, train_epochs=100, batch_size=128, patience=20, learning_rate=0.0001, des='Exp', loss='mse', lradj='type3', pct_start=0.3, use_amp=False, use_gpu=False, gpu=0, use_multi_gpu=False, devices='0,1,2,3', test_flop=False)
Use CPU
>>>>>>>start training : 336_28_PatchTST_custom_ftM_sl336_ll48_pl28_dm128_nh16_el3_dl1_df256_fc1_ebtimeF_dtTrue_Exp_0>>>>>>>>>>>>>>>>>>>>>>>>>>
train 518
val 100
test 224
Epoch: 1 cost time: 37.40179204940796
Epoch: 1, Steps: 4 | Train Loss: 1.1262407 Vali Loss: nan Test Loss: 1.7802763
Validation loss decreased (inf --> nan).  Saving model ...
Updating learning rate to 0.0001
Epoch: 2 cost time: 37.64886713027954
Epoch: 2, Steps: 4 | Train Loss: 0.9056829 Vali Loss: nan Test Loss: 0.7284281
Validation loss decreased (nan --> nan).  Saving model ...
Updating learning rate to 0.0001
Epoch: 3 cost time: 35.148885011672974
Epoch: 3, Steps: 4 | Train Loss: 0.6009948 Vali Loss: nan Test Loss: 0.2497081
Validation loss decreased (nan --> nan).  Saving model ...
Updating learning rate to 0.0001
Epoch: 4 cost time: 38.00232291221619
Epoch: 4, Steps: 4 | Train Loss: 0.6161383 Vali Loss: nan Test Loss: 0.2033564
Validation loss decreased (nan --> nan).  Saving model ...
Updating learning rate to 9e-05
Epoch: 5 cost time: 31.898092031478882
Epoch: 5, Steps: 4 | Train Loss: 0.6445295 Vali Loss: nan Test Loss: 0.2141650
Validation loss decreased (nan --> nan).  Saving model ...
Updating learning rate to 8.1e-05
