Args in experiment:
Namespace(random_seed=2021, is_training=1, model_id='96_3', model='PatchTST', data='custom', root_path='./dataset/', data_path='AMZN_data.csv', features='M', target='OT', freq='h', checkpoints='./checkpoints/', seq_len=96, label_len=48, pred_len=3, fc_dropout=0.2, head_dropout=0.0, patch_len=16, stride=8, padding_patch='end', revin=1, affine=0, subtract_last=0, decomposition=0, kernel_size=25, individual=0, embed_type=0, enc_in=21, dec_in=7, c_out=7, d_model=128, n_heads=16, e_layers=3, d_layers=1, d_ff=256, moving_avg=25, factor=1, distil=True, dropout=0.2, embed='timeF', activation='gelu', output_attention=False, do_predict=False, num_workers=10, itr=1, train_epochs=100, batch_size=128, patience=20, learning_rate=0.0001, des='Exp', loss='mse', lradj='type3', pct_start=0.3, use_amp=False, use_gpu=False, gpu=0, use_multi_gpu=False, devices='0,1,2,3', test_flop=False)
Use CPU
>>>>>>>start training : 96_3_PatchTST_custom_ftM_sl96_ll48_pl3_dm128_nh16_el3_dl1_df256_fc1_ebtimeF_dtTrue_Exp_0>>>>>>>>>>>>>>>>>>>>>>>>>>
train 783
val 125
test 249
Epoch: 1 cost time: 37.21425104141235
Epoch: 1, Steps: 6 | Train Loss: 0.4630136 Vali Loss: nan Test Loss: 0.4003570
Validation loss decreased (inf --> nan).  Saving model ...
Updating learning rate to 0.0001
Epoch: 2 cost time: 38.38359498977661
Epoch: 2, Steps: 6 | Train Loss: 0.4174775 Vali Loss: nan Test Loss: 0.2546512
Validation loss decreased (nan --> nan).  Saving model ...
Updating learning rate to 0.0001
Epoch: 3 cost time: 38.574960231781006
Epoch: 3, Steps: 6 | Train Loss: 0.3265719 Vali Loss: nan Test Loss: 0.1720476
Validation loss decreased (nan --> nan).  Saving model ...
Updating learning rate to 0.0001
Epoch: 4 cost time: 39.281500816345215
Epoch: 4, Steps: 6 | Train Loss: 0.2822206 Vali Loss: nan Test Loss: 0.1454727
Validation loss decreased (nan --> nan).  Saving model ...
Updating learning rate to 9e-05
Epoch: 5 cost time: 38.246318101882935
Epoch: 5, Steps: 6 | Train Loss: 0.2646288 Vali Loss: nan Test Loss: 0.1450867
Validation loss decreased (nan --> nan).  Saving model ...
Updating learning rate to 8.1e-05
Epoch: 6 cost time: 37.156012773513794
Epoch: 6, Steps: 6 | Train Loss: 0.2531077 Vali Loss: nan Test Loss: 0.1454058
Validation loss decreased (nan --> nan).  Saving model ...
Updating learning rate to 7.290000000000001e-05
Epoch: 7 cost time: 37.15951418876648
Epoch: 7, Steps: 6 | Train Loss: 0.2423829 Vali Loss: nan Test Loss: 0.1414712
Validation loss decreased (nan --> nan).  Saving model ...
Updating learning rate to 6.561e-05
